/*C7*/SET SCHEMA PUBLIC
INSERT INTO VOKABELN VALUES('test','test',NULL,NULL)
COMMIT
DISCONNECT
/*C8*/SET SCHEMA PUBLIC
INSERT INTO VOKABELN VALUES('test','test',NULL,NULL)
COMMIT
/*C9*/SET SCHEMA PUBLIC
DISCONNECT
/*C8*/DISCONNECT
/*C10*/SET SCHEMA PUBLIC
DISCONNECT
/*C11*/SET SCHEMA PUBLIC
DISCONNECT
/*C12*/SET SCHEMA PUBLIC
DISCONNECT
/*C13*/SET SCHEMA PUBLIC
DISCONNECT
/*C14*/SET SCHEMA PUBLIC
DISCONNECT
/*C15*/SET SCHEMA PUBLIC
DELETE FROM VOKABELN WHERE EN='test' AND DE='test' AND KORREKT IS NULL AND FALSCH IS NULL
DELETE FROM VOKABELN WHERE EN='test' AND DE='test' AND KORREKT IS NULL AND FALSCH IS NULL
DELETE FROM VOKABELN WHERE EN='test' AND DE='test' AND KORREKT IS NULL AND FALSCH IS NULL
COMMIT
INSERT INTO VOKABELN VALUES('test','test',NULL,NULL)
COMMIT
DELETE FROM VOKABELN WHERE EN='test' AND DE='test' AND KORREKT IS NULL AND FALSCH IS NULL
COMMIT
INSERT INTO VOKABELN VALUES('tree','baum',NULL,NULL)
COMMIT
INSERT INTO VOKABELN VALUES('money','Geld',NULL,NULL)
COMMIT
INSERT INTO VOKABELN VALUES('fun','Spa\u00df',NULL,NULL)
COMMIT
INSERT INTO VOKABELN VALUES('hello','Hallo',NULL,NULL)
COMMIT
INSERT INTO VOKABELN VALUES('Mo/\u00a7"!=\u00a7/="!/=DHWAmkM','DMWA',NULL,NULL)
COMMIT
DELETE FROM VOKABELN WHERE EN='hello' AND DE='Hallo' AND KORREKT IS NULL AND FALSCH IS NULL
COMMIT
DELETE FROM VOKABELN WHERE EN='Mo/\u00a7"!=\u00a7/="!/=DHWAmkM' AND DE='DMWA' AND KORREKT IS NULL AND FALSCH IS NULL
COMMIT
DISCONNECT
